Copyright 1986-2022 Xilinx, Inc. All Rights Reserved. Copyright 2022-2026 Advanced Micro Devices, Inc. All Rights Reserved.
---------------------------------------------------------------------------------------------------------------------------------------------------------------------------------------------------------------------------------------------------------------
| Tool Version : Vivado v.2026.1 (win64) Build 6511674 Tue Jun 16 11:02:23 MDT 2026
| Date         : Tue Jul 14 16:02:03 2026
| Host         : DESKTOP-AMAVPJQ running 64-bit major release  (build 9200)
| Command      : report_timing_summary -max_paths 10 -routable_nets -report_unconstrained -file VendingMachineFSM_timing_summary_routed.rpt -pb VendingMachineFSM_timing_summary_routed.pb -rpx VendingMachineFSM_timing_summary_routed.rpx -warn_on_violation
| Design       : VendingMachineFSM
| Device       : 7a100t-csg324
| Speed File   : -2L  PRODUCTION 1.23 2018-06-13
| Design State : Routed
---------------------------------------------------------------------------------------------------------------------------------------------------------------------------------------------------------------------------------------------------------------

Timing Summary Report

------------------------------------------------------------------------------------------------
| Timer Settings
| --------------
------------------------------------------------------------------------------------------------

  Enable Multi Corner Analysis               :  Yes
  Enable Pessimism Removal                   :  Yes
  Pessimism Removal Resolution               :  Nearest Common Node
  Enable Input Delay Default Clock           :  No
  Enable Preset / Clear Arcs                 :  No
  Disable Flight Delays                      :  No
  Ignore I/O Paths                           :  No
  Timing Early Launch at Borrowing Latches   :  No
  Borrow Time for Max Delay Exceptions       :  Yes
  Merge Timing Exceptions                    :  Yes
  Inter-SLR Compensation                     :  Conservative

  Corner  Analyze    Analyze    
  Name    Max Paths  Min Paths  
  ------  ---------  ---------  
  Slow    Yes        Yes        
  Fast    Yes        Yes        


------------------------------------------------------------------------------------------------
| Report Methodology
| ------------------
------------------------------------------------------------------------------------------------

Rule       Severity          Description                  Violations  
---------  ----------------  ---------------------------  ----------  
TIMING-17  Critical Warning  Non-clocked sequential cell  259         

Note: This report is based on the most recent report_methodology run and may not be up-to-date. Run report_methodology on the current design for the latest report.



check_timing report

Table of Contents
-----------------
1. checking no_clock (259)
2. checking constant_clock (0)
3. checking pulse_width_clock (0)
4. checking unconstrained_internal_endpoints (657)
5. checking no_input_delay (5)
6. checking no_output_delay (16)
7. checking multiple_clock (0)
8. checking generated_clocks (0)
9. checking loops (0)
10. checking partial_input_delay (0)
11. checking partial_output_delay (0)
12. checking latch_loops (0)

1. checking no_clock (259)
--------------------------
 There are 259 register/latch pins with no clock driven by root clock pin: clk (HIGH)


2. checking constant_clock (0)
------------------------------
 There are 0 register/latch pins with constant_clock.


3. checking pulse_width_clock (0)
---------------------------------
 There are 0 register/latch pins which need pulse_width check


4. checking unconstrained_internal_endpoints (657)
--------------------------------------------------
 There are 657 pins that are not constrained for maximum delay. (HIGH)

 There are 0 pins that are not constrained for maximum delay due to constant clock.


5. checking no_input_delay (5)
------------------------------
 There are 5 input ports with no input delay specified. (HIGH)

 There are 0 input ports with no input delay but user has a false path constraint.


6. checking no_output_delay (16)
--------------------------------
 There are 16 ports with no output delay specified. (HIGH)

 There are 0 ports with no output delay but user has a false path constraint

 There are 0 ports with no output delay but with a timing clock defined on it or propagating through it


7. checking multiple_clock (0)
------------------------------
 There are 0 register/latch pins with multiple clocks.


8. checking generated_clocks (0)
--------------------------------
 There are 0 generated clocks that are not connected to a clock source.


9. checking loops (0)
---------------------
 There are 0 combinational loops in the design.


10. checking partial_input_delay (0)
------------------------------------
 There are 0 input ports with partial input delay specified.


11. checking partial_output_delay (0)
-------------------------------------
 There are 0 ports with partial output delay specified.


12. checking latch_loops (0)
----------------------------
 There are 0 combinational latch loops in the design through latch input



------------------------------------------------------------------------------------------------
| Design Timing Summary
| ---------------------
------------------------------------------------------------------------------------------------

    WNS(ns)      TNS(ns)  TNS Failing Endpoints  TNS Total Endpoints      WHS(ns)      THS(ns)  THS Failing Endpoints  THS Total Endpoints     WPWS(ns)     TPWS(ns)  TPWS Failing Endpoints  TPWS Total Endpoints  
    -------      -------  ---------------------  -------------------      -------      -------  ---------------------  -------------------     --------     --------  ----------------------  --------------------  
        inf        0.000                      0                  673          inf        0.000                      0                  673           NA           NA                      NA                    NA  


There are no user specified timing constraints.


------------------------------------------------------------------------------------------------
| Clock Summary
| -------------
------------------------------------------------------------------------------------------------


------------------------------------------------------------------------------------------------
| Intra Clock Table
| -----------------
------------------------------------------------------------------------------------------------

Clock             WNS(ns)      TNS(ns)  TNS Failing Endpoints  TNS Total Endpoints      WHS(ns)      THS(ns)  THS Failing Endpoints  THS Total Endpoints     WPWS(ns)     TPWS(ns)  TPWS Failing Endpoints  TPWS Total Endpoints  
-----             -------      -------  ---------------------  -------------------      -------      -------  ---------------------  -------------------     --------     --------  ----------------------  --------------------  


------------------------------------------------------------------------------------------------
| Inter Clock Table
| -----------------
------------------------------------------------------------------------------------------------

From Clock    To Clock          WNS(ns)      TNS(ns)  TNS Failing Endpoints  TNS Total Endpoints      WHS(ns)      THS(ns)  THS Failing Endpoints  THS Total Endpoints  
----------    --------          -------      -------  ---------------------  -------------------      -------      -------  ---------------------  -------------------  


------------------------------------------------------------------------------------------------
| Other Path Groups Table
| -----------------------
------------------------------------------------------------------------------------------------

Path Group    From Clock    To Clock          WNS(ns)      TNS(ns)  TNS Failing Endpoints  TNS Total Endpoints      WHS(ns)      THS(ns)  THS Failing Endpoints  THS Total Endpoints  
----------    ----------    --------          -------      -------  ---------------------  -------------------      -------      -------  ---------------------  -------------------  


------------------------------------------------------------------------------------------------
| User Ignored Path Table
| -----------------------
------------------------------------------------------------------------------------------------

Path Group    From Clock    To Clock    
----------    ----------    --------    


------------------------------------------------------------------------------------------------
| Unconstrained Path Table
| ------------------------
------------------------------------------------------------------------------------------------

Path Group    From Clock    To Clock    
----------    ----------    --------    
(none)                                    


------------------------------------------------------------------------------------------------
| Timing Details
| --------------
------------------------------------------------------------------------------------------------


--------------------------------------------------------------------------------------
Path Group:  (none)
From Clock:  
  To Clock:  

Max Delay           673 Endpoints
Min Delay           673 Endpoints
--------------------------------------------------------------------------------------


Max Delay Paths
--------------------------------------------------------------------------------------
Slack:                    inf
  Source:                 money_inserted_reg[0]/C
                            (rising edge-triggered cell FDRE)
  Destination:            tens_reg[0]/D
  Path Group:             (none)
  Path Type:              Max at Slow Process Corner
  Data Path Delay:        12.699ns  (logic 3.946ns (31.074%)  route 8.753ns (68.926%))
  Logic Levels:           18  (CARRY4=6 FDRE=1 LUT2=2 LUT3=2 LUT5=1 LUT6=6)

    Location             Delay type                Incr(ns)  Path(ns)    Netlist Resource(s)
  -------------------------------------------------------------------    -------------------
    SLICE_X9Y54          FDRE                         0.000     0.000 r  money_inserted_reg[0]/C
    SLICE_X9Y54          FDRE (Prop_fdre_C_Q)         0.379     0.379 r  money_inserted_reg[0]/Q
                         net (fo=16, routed)          1.032     1.411    money_inserted_reg_n_0_[0]
    SLICE_X4Y55          LUT2 (Prop_lut2_I0_O)        0.105     1.516 r  ones[0]_i_5/O
                         net (fo=1, routed)           0.000     1.516    ones[0]_i_5_n_0
    SLICE_X4Y55          CARRY4 (Prop_carry4_S[0]_CO[3])
                                                      0.440     1.956 r  ones_reg[0]_i_1/CO[3]
                         net (fo=1, routed)           0.000     1.956    ones_reg[0]_i_1_n_0
    SLICE_X4Y56          CARRY4 (Prop_carry4_CI_O[0])
                                                      0.180     2.136 r  hundreds_reg[3]_i_18/O[0]
                         net (fo=5, routed)           0.901     3.037    hundreds_reg[3]_i_18_n_7
    SLICE_X0Y54          LUT6 (Prop_lut6_I1_O)        0.249     3.286 r  hundreds[2]_i_3/O
                         net (fo=9, routed)           0.663     3.949    hundreds[2]_i_3_n_0
    SLICE_X0Y54          LUT3 (Prop_lut3_I0_O)        0.105     4.054 r  hundreds[3]_i_29/O
                         net (fo=13, routed)          0.890     4.944    hundreds[3]_i_29_n_0
    SLICE_X3Y53          LUT2 (Prop_lut2_I0_O)        0.105     5.049 r  tens[3]_i_30/O
                         net (fo=1, routed)           0.000     5.049    tens[3]_i_30_n_0
    SLICE_X3Y53          CARRY4 (Prop_carry4_S[1]_CO[3])
                                                      0.457     5.506 r  tens_reg[3]_i_23/CO[3]
                         net (fo=1, routed)           0.000     5.506    tens_reg[3]_i_23_n_0
    SLICE_X3Y54          CARRY4 (Prop_carry4_CI_O[0])
                                                      0.180     5.686 r  tens_reg[3]_i_22/O[0]
                         net (fo=4, routed)           0.685     6.371    tens_reg[3]_i_22_n_7
    SLICE_X1Y53          LUT5 (Prop_lut5_I4_O)        0.249     6.620 r  tens[3]_i_20/O
                         net (fo=1, routed)           0.000     6.620    tens[3]_i_20_n_0
    SLICE_X1Y53          CARRY4 (Prop_carry4_S[1]_CO[3])
                                                      0.457     7.077 r  tens_reg[3]_i_8/CO[3]
                         net (fo=1, routed)           0.000     7.077    tens_reg[3]_i_8_n_0
    SLICE_X1Y54          CARRY4 (Prop_carry4_CI_O[1])
                                                      0.265     7.342 r  tens_reg[3]_i_7/O[1]
                         net (fo=6, routed)           0.821     8.163    tens_reg[3]_i_7_n_6
    SLICE_X0Y52          LUT6 (Prop_lut6_I3_O)        0.250     8.413 r  tens[3]_i_10/O
                         net (fo=2, routed)           1.092     9.505    tens4__0[3]
    SLICE_X0Y51          LUT6 (Prop_lut6_I0_O)        0.105     9.610 r  tens[3]_i_6/O
                         net (fo=11, routed)          0.903    10.513    tens[3]_i_6_n_0
    SLICE_X1Y52          LUT6 (Prop_lut6_I4_O)        0.105    10.618 r  tens[3]_i_1/O
                         net (fo=4, routed)           0.804    11.423    tens[3]_i_1_n_0
    SLICE_X1Y50          LUT6 (Prop_lut6_I3_O)        0.105    11.528 r  tens[2]_i_1/O
                         net (fo=3, routed)           0.401    11.929    tens[2]_i_1_n_0
    SLICE_X2Y51          LUT3 (Prop_lut3_I2_O)        0.105    12.034 r  tens[0]_i_2/O
                         net (fo=1, routed)           0.560    12.594    tens[0]_i_2_n_0
    SLICE_X2Y51          LUT6 (Prop_lut6_I3_O)        0.105    12.699 r  tens[0]_i_1/O
                         net (fo=1, routed)           0.000    12.699    tens[0]_i_1_n_0
    SLICE_X2Y51          FDRE                                         r  tens_reg[0]/D
  -------------------------------------------------------------------    -------------------

Slack:                    inf
  Source:                 money_inserted_reg[0]/C
                            (rising edge-triggered cell FDRE)
  Destination:            tens_reg[1]/D
  Path Group:             (none)
  Path Type:              Max at Slow Process Corner
  Data Path Delay:        12.113ns  (logic 3.736ns (30.843%)  route 8.377ns (69.157%))
  Logic Levels:           16  (CARRY4=6 FDRE=1 LUT2=2 LUT3=1 LUT5=1 LUT6=5)

    Location             Delay type                Incr(ns)  Path(ns)    Netlist Resource(s)
  -------------------------------------------------------------------    -------------------
    SLICE_X9Y54          FDRE                         0.000     0.000 r  money_inserted_reg[0]/C
    SLICE_X9Y54          FDRE (Prop_fdre_C_Q)         0.379     0.379 r  money_inserted_reg[0]/Q
                         net (fo=16, routed)          1.032     1.411    money_inserted_reg_n_0_[0]
    SLICE_X4Y55          LUT2 (Prop_lut2_I0_O)        0.105     1.516 r  ones[0]_i_5/O
                         net (fo=1, routed)           0.000     1.516    ones[0]_i_5_n_0
    SLICE_X4Y55          CARRY4 (Prop_carry4_S[0]_CO[3])
                                                      0.440     1.956 r  ones_reg[0]_i_1/CO[3]
                         net (fo=1, routed)           0.000     1.956    ones_reg[0]_i_1_n_0
    SLICE_X4Y56          CARRY4 (Prop_carry4_CI_O[0])
                                                      0.180     2.136 r  hundreds_reg[3]_i_18/O[0]
                         net (fo=5, routed)           0.901     3.037    hundreds_reg[3]_i_18_n_7
    SLICE_X0Y54          LUT6 (Prop_lut6_I1_O)        0.249     3.286 r  hundreds[2]_i_3/O
                         net (fo=9, routed)           0.663     3.949    hundreds[2]_i_3_n_0
    SLICE_X0Y54          LUT3 (Prop_lut3_I0_O)        0.105     4.054 r  hundreds[3]_i_29/O
                         net (fo=13, routed)          0.890     4.944    hundreds[3]_i_29_n_0
    SLICE_X3Y53          LUT2 (Prop_lut2_I0_O)        0.105     5.049 r  tens[3]_i_30/O
                         net (fo=1, routed)           0.000     5.049    tens[3]_i_30_n_0
    SLICE_X3Y53          CARRY4 (Prop_carry4_S[1]_CO[3])
                                                      0.457     5.506 r  tens_reg[3]_i_23/CO[3]
                         net (fo=1, routed)           0.000     5.506    tens_reg[3]_i_23_n_0
    SLICE_X3Y54          CARRY4 (Prop_carry4_CI_O[0])
                                                      0.180     5.686 r  tens_reg[3]_i_22/O[0]
                         net (fo=4, routed)           0.685     6.371    tens_reg[3]_i_22_n_7
    SLICE_X1Y53          LUT5 (Prop_lut5_I4_O)        0.249     6.620 r  tens[3]_i_20/O
                         net (fo=1, routed)           0.000     6.620    tens[3]_i_20_n_0
    SLICE_X1Y53          CARRY4 (Prop_carry4_S[1]_CO[3])
                                                      0.457     7.077 r  tens_reg[3]_i_8/CO[3]
                         net (fo=1, routed)           0.000     7.077    tens_reg[3]_i_8_n_0
    SLICE_X1Y54          CARRY4 (Prop_carry4_CI_O[1])
                                                      0.265     7.342 r  tens_reg[3]_i_7/O[1]
                         net (fo=6, routed)           0.821     8.163    tens_reg[3]_i_7_n_6
    SLICE_X0Y52          LUT6 (Prop_lut6_I3_O)        0.250     8.413 r  tens[3]_i_10/O
                         net (fo=2, routed)           1.092     9.505    tens4__0[3]
    SLICE_X0Y51          LUT6 (Prop_lut6_I0_O)        0.105     9.610 r  tens[3]_i_6/O
                         net (fo=11, routed)          0.903    10.513    tens[3]_i_6_n_0
    SLICE_X1Y52          LUT6 (Prop_lut6_I4_O)        0.105    10.618 r  tens[3]_i_1/O
                         net (fo=4, routed)           0.682    11.301    tens[3]_i_1_n_0
    SLICE_X1Y51          LUT6 (Prop_lut6_I3_O)        0.105    11.406 r  tens[1]_i_1/O
                         net (fo=3, routed)           0.708    12.113    tens[1]_i_1_n_0
    SLICE_X2Y53          FDRE                                         r  tens_reg[1]/D
  -------------------------------------------------------------------    -------------------

Slack:                    inf
  Source:                 money_inserted_reg[0]/C
                            (rising edge-triggered cell FDRE)
  Destination:            tens_reg[2]/D
  Path Group:             (none)
  Path Type:              Max at Slow Process Corner
  Data Path Delay:        11.790ns  (logic 3.736ns (31.687%)  route 8.054ns (68.313%))
  Logic Levels:           16  (CARRY4=6 FDRE=1 LUT2=2 LUT3=1 LUT5=1 LUT6=5)

    Location             Delay type                Incr(ns)  Path(ns)    Netlist Resource(s)
  -------------------------------------------------------------------    -------------------
    SLICE_X9Y54          FDRE                         0.000     0.000 r  money_inserted_reg[0]/C
    SLICE_X9Y54          FDRE (Prop_fdre_C_Q)         0.379     0.379 r  money_inserted_reg[0]/Q
                         net (fo=16, routed)          1.032     1.411    money_inserted_reg_n_0_[0]
    SLICE_X4Y55          LUT2 (Prop_lut2_I0_O)        0.105     1.516 r  ones[0]_i_5/O
                         net (fo=1, routed)           0.000     1.516    ones[0]_i_5_n_0
    SLICE_X4Y55          CARRY4 (Prop_carry4_S[0]_CO[3])
                                                      0.440     1.956 r  ones_reg[0]_i_1/CO[3]
                         net (fo=1, routed)           0.000     1.956    ones_reg[0]_i_1_n_0
    SLICE_X4Y56          CARRY4 (Prop_carry4_CI_O[0])
                                                      0.180     2.136 r  hundreds_reg[3]_i_18/O[0]
                         net (fo=5, routed)           0.901     3.037    hundreds_reg[3]_i_18_n_7
    SLICE_X0Y54          LUT6 (Prop_lut6_I1_O)        0.249     3.286 r  hundreds[2]_i_3/O
                         net (fo=9, routed)           0.663     3.949    hundreds[2]_i_3_n_0
    SLICE_X0Y54          LUT3 (Prop_lut3_I0_O)        0.105     4.054 r  hundreds[3]_i_29/O
                         net (fo=13, routed)          0.890     4.944    hundreds[3]_i_29_n_0
    SLICE_X3Y53          LUT2 (Prop_lut2_I0_O)        0.105     5.049 r  tens[3]_i_30/O
                         net (fo=1, routed)           0.000     5.049    tens[3]_i_30_n_0
    SLICE_X3Y53          CARRY4 (Prop_carry4_S[1]_CO[3])
                                                      0.457     5.506 r  tens_reg[3]_i_23/CO[3]
                         net (fo=1, routed)           0.000     5.506    tens_reg[3]_i_23_n_0
    SLICE_X3Y54          CARRY4 (Prop_carry4_CI_O[0])
                                                      0.180     5.686 r  tens_reg[3]_i_22/O[0]
                         net (fo=4, routed)           0.685     6.371    tens_reg[3]_i_22_n_7
    SLICE_X1Y53          LUT5 (Prop_lut5_I4_O)        0.249     6.620 r  tens[3]_i_20/O
                         net (fo=1, routed)           0.000     6.620    tens[3]_i_20_n_0
    SLICE_X1Y53          CARRY4 (Prop_carry4_S[1]_CO[3])
                                                      0.457     7.077 r  tens_reg[3]_i_8/CO[3]
                         net (fo=1, routed)           0.000     7.077    tens_reg[3]_i_8_n_0
    SLICE_X1Y54          CARRY4 (Prop_carry4_CI_O[1])
                                                      0.265     7.342 r  tens_reg[3]_i_7/O[1]
                         net (fo=6, routed)           0.821     8.163    tens_reg[3]_i_7_n_6
    SLICE_X0Y52          LUT6 (Prop_lut6_I3_O)        0.250     8.413 r  tens[3]_i_10/O
                         net (fo=2, routed)           1.092     9.505    tens4__0[3]
    SLICE_X0Y51          LUT6 (Prop_lut6_I0_O)        0.105     9.610 r  tens[3]_i_6/O
                         net (fo=11, routed)          0.903    10.513    tens[3]_i_6_n_0
    SLICE_X1Y52          LUT6 (Prop_lut6_I4_O)        0.105    10.618 r  tens[3]_i_1/O
                         net (fo=4, routed)           0.804    11.423    tens[3]_i_1_n_0
    SLICE_X1Y50          LUT6 (Prop_lut6_I3_O)        0.105    11.528 r  tens[2]_i_1/O
                         net (fo=3, routed)           0.263    11.790    tens[2]_i_1_n_0
    SLICE_X2Y51          FDRE                                         r  tens_reg[2]/D
  -------------------------------------------------------------------    -------------------

Slack:                    inf
  Source:                 money_inserted_reg[0]/C
                            (rising edge-triggered cell FDRE)
  Destination:            tens_reg[3]/D
  Path Group:             (none)
  Path Type:              Max at Slow Process Corner
  Data Path Delay:        11.614ns  (logic 3.631ns (31.265%)  route 7.983ns (68.735%))
  Logic Levels:           15  (CARRY4=6 FDRE=1 LUT2=2 LUT3=1 LUT5=1 LUT6=4)

    Location             Delay type                Incr(ns)  Path(ns)    Netlist Resource(s)
  -------------------------------------------------------------------    -------------------
    SLICE_X9Y54          FDRE                         0.000     0.000 r  money_inserted_reg[0]/C
    SLICE_X9Y54          FDRE (Prop_fdre_C_Q)         0.379     0.379 r  money_inserted_reg[0]/Q
                         net (fo=16, routed)          1.032     1.411    money_inserted_reg_n_0_[0]
    SLICE_X4Y55          LUT2 (Prop_lut2_I0_O)        0.105     1.516 r  ones[0]_i_5/O
                         net (fo=1, routed)           0.000     1.516    ones[0]_i_5_n_0
    SLICE_X4Y55          CARRY4 (Prop_carry4_S[0]_CO[3])
                                                      0.440     1.956 r  ones_reg[0]_i_1/CO[3]
                         net (fo=1, routed)           0.000     1.956    ones_reg[0]_i_1_n_0
    SLICE_X4Y56          CARRY4 (Prop_carry4_CI_O[0])
                                                      0.180     2.136 r  hundreds_reg[3]_i_18/O[0]
                         net (fo=5, routed)           0.901     3.037    hundreds_reg[3]_i_18_n_7
    SLICE_X0Y54          LUT6 (Prop_lut6_I1_O)        0.249     3.286 r  hundreds[2]_i_3/O
                         net (fo=9, routed)           0.663     3.949    hundreds[2]_i_3_n_0
    SLICE_X0Y54          LUT3 (Prop_lut3_I0_O)        0.105     4.054 r  hundreds[3]_i_29/O
                         net (fo=13, routed)          0.890     4.944    hundreds[3]_i_29_n_0
    SLICE_X3Y53          LUT2 (Prop_lut2_I0_O)        0.105     5.049 r  tens[3]_i_30/O
                         net (fo=1, routed)           0.000     5.049    tens[3]_i_30_n_0
    SLICE_X3Y53          CARRY4 (Prop_carry4_S[1]_CO[3])
                                                      0.457     5.506 r  tens_reg[3]_i_23/CO[3]
                         net (fo=1, routed)           0.000     5.506    tens_reg[3]_i_23_n_0
    SLICE_X3Y54          CARRY4 (Prop_carry4_CI_O[0])
                                                      0.180     5.686 r  tens_reg[3]_i_22/O[0]
                         net (fo=4, routed)           0.685     6.371    tens_reg[3]_i_22_n_7
    SLICE_X1Y53          LUT5 (Prop_lut5_I4_O)        0.249     6.620 r  tens[3]_i_20/O
                         net (fo=1, routed)           0.000     6.620    tens[3]_i_20_n_0
    SLICE_X1Y53          CARRY4 (Prop_carry4_S[1]_CO[3])
                                                      0.457     7.077 r  tens_reg[3]_i_8/CO[3]
                         net (fo=1, routed)           0.000     7.077    tens_reg[3]_i_8_n_0
    SLICE_X1Y54          CARRY4 (Prop_carry4_CI_O[1])
                                                      0.265     7.342 r  tens_reg[3]_i_7/O[1]
                         net (fo=6, routed)           0.821     8.163    tens_reg[3]_i_7_n_6
    SLICE_X0Y52          LUT6 (Prop_lut6_I3_O)        0.250     8.413 r  tens[3]_i_10/O
                         net (fo=2, routed)           1.092     9.505    tens4__0[3]
    SLICE_X0Y51          LUT6 (Prop_lut6_I0_O)        0.105     9.610 r  tens[3]_i_6/O
                         net (fo=11, routed)          0.903    10.513    tens[3]_i_6_n_0
    SLICE_X1Y52          LUT6 (Prop_lut6_I4_O)        0.105    10.618 r  tens[3]_i_1/O
                         net (fo=4, routed)           0.995    11.614    tens[3]_i_1_n_0
    SLICE_X4Y56          FDRE                                         r  tens_reg[3]/D
  -------------------------------------------------------------------    -------------------

Slack:                    inf
  Source:                 scan_idx_reg[0]/C
                            (rising edge-triggered cell FDRE)
  Destination:            AN6
                            (output port)
  Path Group:             (none)
  Path Type:              Max at Slow Process Corner
  Data Path Delay:        9.454ns  (logic 4.029ns (42.619%)  route 5.425ns (57.381%))
  Logic Levels:           3  (FDRE=1 LUT3=1 OBUF=1)

    Location             Delay type                Incr(ns)  Path(ns)    Netlist Resource(s)
  -------------------------------------------------------------------    -------------------
    SLICE_X1Y58          FDRE                         0.000     0.000 r  scan_idx_reg[0]/C
    SLICE_X1Y58          FDRE (Prop_fdre_C_Q)         0.348     0.348 f  scan_idx_reg[0]/Q
                         net (fo=20, routed)          1.416     1.764    scan_idx_reg_n_0_[0]
    SLICE_X0Y83          LUT3 (Prop_lut3_I2_O)        0.255     2.019 r  AN6_OBUF_inst_i_1/O
                         net (fo=1, routed)           4.008     6.028    AN6_OBUF
    K2                   OBUF (Prop_obuf_I_O)         3.426     9.454 r  AN6_OBUF_inst/O
                         net (fo=0)                   0.000     9.454    AN6
    K2                                                                r  AN6
  -------------------------------------------------------------------    -------------------

Slack:                    inf
  Source:                 money_inserted_reg[0]/C
                            (rising edge-triggered cell FDRE)
  Destination:            hundreds_reg[0]/D
  Path Group:             (none)
  Path Type:              Max at Slow Process Corner
  Data Path Delay:        9.014ns  (logic 3.197ns (35.469%)  route 5.817ns (64.531%))
  Logic Levels:           13  (CARRY4=6 FDRE=1 LUT2=2 LUT4=1 LUT5=2 LUT6=1)

    Location             Delay type                Incr(ns)  Path(ns)    Netlist Resource(s)
  -------------------------------------------------------------------    -------------------
    SLICE_X9Y54          FDRE                         0.000     0.000 r  money_inserted_reg[0]/C
    SLICE_X9Y54          FDRE (Prop_fdre_C_Q)         0.379     0.379 r  money_inserted_reg[0]/Q
                         net (fo=16, routed)          1.032     1.411    money_inserted_reg_n_0_[0]
    SLICE_X4Y55          LUT2 (Prop_lut2_I0_O)        0.105     1.516 r  ones[0]_i_5/O
                         net (fo=1, routed)           0.000     1.516    ones[0]_i_5_n_0
    SLICE_X4Y55          CARRY4 (Prop_carry4_S[0]_CO[3])
                                                      0.440     1.956 r  ones_reg[0]_i_1/CO[3]
                         net (fo=1, routed)           0.000     1.956    ones_reg[0]_i_1_n_0
    SLICE_X4Y56          CARRY4 (Prop_carry4_CI_O[0])
                                                      0.180     2.136 r  hundreds_reg[3]_i_18/O[0]
                         net (fo=5, routed)           0.901     3.037    hundreds_reg[3]_i_18_n_7
    SLICE_X0Y54          LUT6 (Prop_lut6_I1_O)        0.249     3.286 r  hundreds[2]_i_3/O
                         net (fo=9, routed)           0.815     4.101    hundreds[2]_i_3_n_0
    SLICE_X2Y55          LUT4 (Prop_lut4_I0_O)        0.105     4.206 r  hundreds[3]_i_28/O
                         net (fo=12, routed)          0.968     5.174    hundreds[3]_i_28_n_0
    SLICE_X3Y56          LUT2 (Prop_lut2_I0_O)        0.105     5.279 r  hundreds[3]_i_34/O
                         net (fo=1, routed)           0.000     5.279    hundreds[3]_i_34_n_0
    SLICE_X3Y56          CARRY4 (Prop_carry4_S[2]_CO[3])
                                                      0.332     5.611 r  hundreds_reg[3]_i_15/CO[3]
                         net (fo=1, routed)           0.000     5.611    hundreds_reg[3]_i_15_n_0
    SLICE_X3Y57          CARRY4 (Prop_carry4_CI_O[0])
                                                      0.180     5.791 r  hundreds_reg[3]_i_5/O[0]
                         net (fo=14, routed)          0.867     6.659    hundreds_reg[3]_i_5_n_7
    SLICE_X6Y53          LUT5 (Prop_lut5_I0_O)        0.249     6.908 r  hundreds[3]_i_23/O
                         net (fo=1, routed)           0.380     7.288    hundreds[3]_i_23_n_0
    SLICE_X2Y53          CARRY4 (Prop_carry4_DI[1]_CO[3])
                                                      0.430     7.718 r  hundreds_reg[3]_i_8/CO[3]
                         net (fo=1, routed)           0.000     7.718    hundreds_reg[3]_i_8_n_0
    SLICE_X2Y54          CARRY4 (Prop_carry4_CI_CO[2])
                                                      0.191     7.909 r  hundreds_reg[3]_i_4/CO[2]
                         net (fo=4, routed)           0.853     8.762    hundreds_reg[3]_i_4_n_1
    SLICE_X6Y58          LUT5 (Prop_lut5_I0_O)        0.252     9.014 r  hundreds[0]_i_1/O
                         net (fo=1, routed)           0.000     9.014    hundreds[0]_i_1_n_0
    SLICE_X6Y58          FDRE                                         r  hundreds_reg[0]/D
  -------------------------------------------------------------------    -------------------

Slack:                    inf
  Source:                 money_inserted_reg[0]/C
                            (rising edge-triggered cell FDRE)
  Destination:            hundreds_reg[3]/D
  Path Group:             (none)
  Path Type:              Max at Slow Process Corner
  Data Path Delay:        9.003ns  (logic 3.197ns (35.512%)  route 5.806ns (64.488%))
  Logic Levels:           13  (CARRY4=6 FDRE=1 LUT2=2 LUT4=1 LUT5=2 LUT6=1)

    Location             Delay type                Incr(ns)  Path(ns)    Netlist Resource(s)
  -------------------------------------------------------------------    -------------------
    SLICE_X9Y54          FDRE                         0.000     0.000 r  money_inserted_reg[0]/C
    SLICE_X9Y54          FDRE (Prop_fdre_C_Q)         0.379     0.379 r  money_inserted_reg[0]/Q
                         net (fo=16, routed)          1.032     1.411    money_inserted_reg_n_0_[0]
    SLICE_X4Y55          LUT2 (Prop_lut2_I0_O)        0.105     1.516 r  ones[0]_i_5/O
                         net (fo=1, routed)           0.000     1.516    ones[0]_i_5_n_0
    SLICE_X4Y55          CARRY4 (Prop_carry4_S[0]_CO[3])
                                                      0.440     1.956 r  ones_reg[0]_i_1/CO[3]
                         net (fo=1, routed)           0.000     1.956    ones_reg[0]_i_1_n_0
    SLICE_X4Y56          CARRY4 (Prop_carry4_CI_O[0])
                                                      0.180     2.136 r  hundreds_reg[3]_i_18/O[0]
                         net (fo=5, routed)           0.901     3.037    hundreds_reg[3]_i_18_n_7
    SLICE_X0Y54          LUT6 (Prop_lut6_I1_O)        0.249     3.286 r  hundreds[2]_i_3/O
                         net (fo=9, routed)           0.815     4.101    hundreds[2]_i_3_n_0
    SLICE_X2Y55          LUT4 (Prop_lut4_I0_O)        0.105     4.206 r  hundreds[3]_i_28/O
                         net (fo=12, routed)          0.968     5.174    hundreds[3]_i_28_n_0
    SLICE_X3Y56          LUT2 (Prop_lut2_I0_O)        0.105     5.279 r  hundreds[3]_i_34/O
                         net (fo=1, routed)           0.000     5.279    hundreds[3]_i_34_n_0
    SLICE_X3Y56          CARRY4 (Prop_carry4_S[2]_CO[3])
                                                      0.332     5.611 r  hundreds_reg[3]_i_15/CO[3]
                         net (fo=1, routed)           0.000     5.611    hundreds_reg[3]_i_15_n_0
    SLICE_X3Y57          CARRY4 (Prop_carry4_CI_O[0])
                                                      0.180     5.791 r  hundreds_reg[3]_i_5/O[0]
                         net (fo=14, routed)          0.867     6.659    hundreds_reg[3]_i_5_n_7
    SLICE_X6Y53          LUT5 (Prop_lut5_I0_O)        0.249     6.908 r  hundreds[3]_i_23/O
                         net (fo=1, routed)           0.380     7.288    hundreds[3]_i_23_n_0
    SLICE_X2Y53          CARRY4 (Prop_carry4_DI[1]_CO[3])
                                                      0.430     7.718 r  hundreds_reg[3]_i_8/CO[3]
                         net (fo=1, routed)           0.000     7.718    hundreds_reg[3]_i_8_n_0
    SLICE_X2Y54          CARRY4 (Prop_carry4_CI_CO[2])
                                                      0.191     7.909 r  hundreds_reg[3]_i_4/CO[2]
                         net (fo=4, routed)           0.842     8.751    hundreds_reg[3]_i_4_n_1
    SLICE_X6Y58          LUT5 (Prop_lut5_I0_O)        0.252     9.003 r  hundreds[3]_i_2/O
                         net (fo=1, routed)           0.000     9.003    hundreds[3]_i_2_n_0
    SLICE_X6Y58          FDRE                                         r  hundreds_reg[3]/D
  -------------------------------------------------------------------    -------------------

Slack:                    inf
  Source:                 money_inserted_reg[0]/C
                            (rising edge-triggered cell FDRE)
  Destination:            hundreds_reg[2]/D
  Path Group:             (none)
  Path Type:              Max at Slow Process Corner
  Data Path Delay:        8.960ns  (logic 3.197ns (35.679%)  route 5.763ns (64.321%))
  Logic Levels:           13  (CARRY4=6 FDRE=1 LUT2=2 LUT4=1 LUT5=1 LUT6=2)

    Location             Delay type                Incr(ns)  Path(ns)    Netlist Resource(s)
  -------------------------------------------------------------------    -------------------
    SLICE_X9Y54          FDRE                         0.000     0.000 r  money_inserted_reg[0]/C
    SLICE_X9Y54          FDRE (Prop_fdre_C_Q)         0.379     0.379 r  money_inserted_reg[0]/Q
                         net (fo=16, routed)          1.032     1.411    money_inserted_reg_n_0_[0]
    SLICE_X4Y55          LUT2 (Prop_lut2_I0_O)        0.105     1.516 r  ones[0]_i_5/O
                         net (fo=1, routed)           0.000     1.516    ones[0]_i_5_n_0
    SLICE_X4Y55          CARRY4 (Prop_carry4_S[0]_CO[3])
                                                      0.440     1.956 r  ones_reg[0]_i_1/CO[3]
                         net (fo=1, routed)           0.000     1.956    ones_reg[0]_i_1_n_0
    SLICE_X4Y56          CARRY4 (Prop_carry4_CI_O[0])
                                                      0.180     2.136 r  hundreds_reg[3]_i_18/O[0]
                         net (fo=5, routed)           0.901     3.037    hundreds_reg[3]_i_18_n_7
    SLICE_X0Y54          LUT6 (Prop_lut6_I1_O)        0.249     3.286 r  hundreds[2]_i_3/O
                         net (fo=9, routed)           0.815     4.101    hundreds[2]_i_3_n_0
    SLICE_X2Y55          LUT4 (Prop_lut4_I0_O)        0.105     4.206 r  hundreds[3]_i_28/O
                         net (fo=12, routed)          0.968     5.174    hundreds[3]_i_28_n_0
    SLICE_X3Y56          LUT2 (Prop_lut2_I0_O)        0.105     5.279 r  hundreds[3]_i_34/O
                         net (fo=1, routed)           0.000     5.279    hundreds[3]_i_34_n_0
    SLICE_X3Y56          CARRY4 (Prop_carry4_S[2]_CO[3])
                                                      0.332     5.611 r  hundreds_reg[3]_i_15/CO[3]
                         net (fo=1, routed)           0.000     5.611    hundreds_reg[3]_i_15_n_0
    SLICE_X3Y57          CARRY4 (Prop_carry4_CI_O[0])
                                                      0.180     5.791 r  hundreds_reg[3]_i_5/O[0]
                         net (fo=14, routed)          0.867     6.659    hundreds_reg[3]_i_5_n_7
    SLICE_X6Y53          LUT5 (Prop_lut5_I0_O)        0.249     6.908 r  hundreds[3]_i_23/O
                         net (fo=1, routed)           0.380     7.288    hundreds[3]_i_23_n_0
    SLICE_X2Y53          CARRY4 (Prop_carry4_DI[1]_CO[3])
                                                      0.430     7.718 r  hundreds_reg[3]_i_8/CO[3]
                         net (fo=1, routed)           0.000     7.718    hundreds_reg[3]_i_8_n_0
    SLICE_X2Y54          CARRY4 (Prop_carry4_CI_CO[2])
                                                      0.191     7.909 r  hundreds_reg[3]_i_4/CO[2]
                         net (fo=4, routed)           0.800     8.708    hundreds_reg[3]_i_4_n_1
    SLICE_X6Y58          LUT6 (Prop_lut6_I2_O)        0.252     8.960 r  hundreds[2]_i_1/O
                         net (fo=1, routed)           0.000     8.960    hundreds[2]_i_1_n_0
    SLICE_X6Y58          FDRE                                         r  hundreds_reg[2]/D
  -------------------------------------------------------------------    -------------------

Slack:                    inf
  Source:                 money_inserted_reg[0]/C
                            (rising edge-triggered cell FDRE)
  Destination:            hundreds_reg[1]/D
  Path Group:             (none)
  Path Type:              Max at Slow Process Corner
  Data Path Delay:        8.659ns  (logic 3.197ns (36.922%)  route 5.462ns (63.078%))
  Logic Levels:           13  (CARRY4=6 FDRE=1 LUT2=2 LUT4=1 LUT5=1 LUT6=2)

    Location             Delay type                Incr(ns)  Path(ns)    Netlist Resource(s)
  -------------------------------------------------------------------    -------------------
    SLICE_X9Y54          FDRE                         0.000     0.000 r  money_inserted_reg[0]/C
    SLICE_X9Y54          FDRE (Prop_fdre_C_Q)         0.379     0.379 r  money_inserted_reg[0]/Q
                         net (fo=16, routed)          1.032     1.411    money_inserted_reg_n_0_[0]
    SLICE_X4Y55          LUT2 (Prop_lut2_I0_O)        0.105     1.516 r  ones[0]_i_5/O
                         net (fo=1, routed)           0.000     1.516    ones[0]_i_5_n_0
    SLICE_X4Y55          CARRY4 (Prop_carry4_S[0]_CO[3])
                                                      0.440     1.956 r  ones_reg[0]_i_1/CO[3]
                         net (fo=1, routed)           0.000     1.956    ones_reg[0]_i_1_n_0
    SLICE_X4Y56          CARRY4 (Prop_carry4_CI_O[0])
                                                      0.180     2.136 r  hundreds_reg[3]_i_18/O[0]
                         net (fo=5, routed)           0.901     3.037    hundreds_reg[3]_i_18_n_7
    SLICE_X0Y54          LUT6 (Prop_lut6_I1_O)        0.249     3.286 r  hundreds[2]_i_3/O
                         net (fo=9, routed)           0.815     4.101    hundreds[2]_i_3_n_0
    SLICE_X2Y55          LUT4 (Prop_lut4_I0_O)        0.105     4.206 r  hundreds[3]_i_28/O
                         net (fo=12, routed)          0.968     5.174    hundreds[3]_i_28_n_0
    SLICE_X3Y56          LUT2 (Prop_lut2_I0_O)        0.105     5.279 r  hundreds[3]_i_34/O
                         net (fo=1, routed)           0.000     5.279    hundreds[3]_i_34_n_0
    SLICE_X3Y56          CARRY4 (Prop_carry4_S[2]_CO[3])
                                                      0.332     5.611 r  hundreds_reg[3]_i_15/CO[3]
                         net (fo=1, routed)           0.000     5.611    hundreds_reg[3]_i_15_n_0
    SLICE_X3Y57          CARRY4 (Prop_carry4_CI_O[0])
                                                      0.180     5.791 r  hundreds_reg[3]_i_5/O[0]
                         net (fo=14, routed)          0.867     6.659    hundreds_reg[3]_i_5_n_7
    SLICE_X6Y53          LUT5 (Prop_lut5_I0_O)        0.249     6.908 r  hundreds[3]_i_23/O
                         net (fo=1, routed)           0.380     7.288    hundreds[3]_i_23_n_0
    SLICE_X2Y53          CARRY4 (Prop_carry4_DI[1]_CO[3])
                                                      0.430     7.718 r  hundreds_reg[3]_i_8/CO[3]
                         net (fo=1, routed)           0.000     7.718    hundreds_reg[3]_i_8_n_0
    SLICE_X2Y54          CARRY4 (Prop_carry4_CI_CO[2])
                                                      0.191     7.909 r  hundreds_reg[3]_i_4/CO[2]
                         net (fo=4, routed)           0.498     8.407    hundreds_reg[3]_i_4_n_1
    SLICE_X6Y57          LUT6 (Prop_lut6_I1_O)        0.252     8.659 r  hundreds[1]_i_1/O
                         net (fo=1, routed)           0.000     8.659    hundreds[1]_i_1_n_0
    SLICE_X6Y57          FDRE                                         r  hundreds_reg[1]/D
  -------------------------------------------------------------------    -------------------

Slack:                    inf
  Source:                 btn_coin_s
                            (input port)
  Destination:            current_state_reg[2]/CE
  Path Group:             (none)
  Path Type:              Max at Slow Process Corner
  Data Path Delay:        8.291ns  (logic 1.439ns (17.357%)  route 6.852ns (82.643%))
  Logic Levels:           6  (IBUF=1 LUT3=2 LUT6=3)

    Location             Delay type                Incr(ns)  Path(ns)    Netlist Resource(s)
  -------------------------------------------------------------------    -------------------
    T8                                                0.000     0.000 r  btn_coin_s
                         net (fo=0)                   0.000     0.000    btn_coin_s
    T8                   IBUF (Prop_ibuf_I_O)         0.914     0.914 r  btn_coin_s_IBUF_inst/O
                         net (fo=2, routed)           3.410     4.324    btn_coin_s_IBUF
    SLICE_X5Y54          LUT6 (Prop_lut6_I2_O)        0.105     4.429 f  money_inserted[8]_i_3/O
                         net (fo=11, routed)          1.144     5.574    money_inserted[8]_i_3_n_0
    SLICE_X10Y56         LUT6 (Prop_lut6_I0_O)        0.105     5.679 f  current_state[3]_i_4/O
                         net (fo=6, routed)           0.673     6.352    current_state[3]_i_4_n_0
    SLICE_X11Y57         LUT3 (Prop_lut3_I2_O)        0.105     6.457 r  current_state[4]_i_8/O
                         net (fo=1, routed)           0.451     6.907    current_state[4]_i_8_n_0
    SLICE_X11Y58         LUT6 (Prop_lut6_I0_O)        0.105     7.012 r  current_state[4]_i_3/O
                         net (fo=1, routed)           0.767     7.779    current_state[4]_i_3_n_0
    SLICE_X11Y56         LUT3 (Prop_lut3_I0_O)        0.105     7.884 r  current_state[4]_i_1/O
                         net (fo=5, routed)           0.407     8.291    current_state[4]_i_1_n_0
    SLICE_X11Y57         FDRE                                         r  current_state_reg[2]/CE
  -------------------------------------------------------------------    -------------------





Min Delay Paths
--------------------------------------------------------------------------------------
Slack:                    inf
  Source:                 change_digits_reg[6][1]/C
                            (rising edge-triggered cell FDRE)
  Destination:            display_message_reg[6][1]/D
  Path Group:             (none)
  Path Type:              Min at Fast Process Corner
  Data Path Delay:        0.239ns  (logic 0.186ns (77.679%)  route 0.053ns (22.321%))
  Logic Levels:           2  (FDRE=1 LUT6=1)

    Location             Delay type                Incr(ns)  Path(ns)    Netlist Resource(s)
  -------------------------------------------------------------------    -------------------
    SLICE_X3Y58          FDRE                         0.000     0.000 r  change_digits_reg[6][1]/C
    SLICE_X3Y58          FDRE (Prop_fdre_C_Q)         0.141     0.141 r  change_digits_reg[6][1]/Q
                         net (fo=1, routed)           0.053     0.194    change_digits_reg[6][1]
    SLICE_X2Y58          LUT6 (Prop_lut6_I0_O)        0.045     0.239 r  display_message[6][1]_i_1/O
                         net (fo=1, routed)           0.000     0.239    display_message[6][1]_i_1_n_0
    SLICE_X2Y58          FDRE                                         r  display_message_reg[6][1]/D
  -------------------------------------------------------------------    -------------------

Slack:                    inf
  Source:                 change_digits_reg[6][3]/C
                            (rising edge-triggered cell FDRE)
  Destination:            display_message_reg[6][3]/D
  Path Group:             (none)
  Path Type:              Min at Fast Process Corner
  Data Path Delay:        0.276ns  (logic 0.186ns (67.282%)  route 0.090ns (32.718%))
  Logic Levels:           2  (FDRE=1 LUT6=1)

    Location             Delay type                Incr(ns)  Path(ns)    Netlist Resource(s)
  -------------------------------------------------------------------    -------------------
    SLICE_X3Y57          FDRE                         0.000     0.000 r  change_digits_reg[6][3]/C
    SLICE_X3Y57          FDRE (Prop_fdre_C_Q)         0.141     0.141 r  change_digits_reg[6][3]/Q
                         net (fo=1, routed)           0.090     0.231    change_digits_reg[6][3]
    SLICE_X2Y57          LUT6 (Prop_lut6_I0_O)        0.045     0.276 r  display_message[6][3]_i_1/O
                         net (fo=1, routed)           0.000     0.276    display_message[6][3]_i_1_n_0
    SLICE_X2Y57          FDRE                                         r  display_message_reg[6][3]/D
  -------------------------------------------------------------------    -------------------

Slack:                    inf
  Source:                 hundreds_reg[3]/C
                            (rising edge-triggered cell FDRE)
  Destination:            change_digits_reg[5][4]/D
  Path Group:             (none)
  Path Type:              Min at Fast Process Corner
  Data Path Delay:        0.322ns  (logic 0.164ns (50.899%)  route 0.158ns (49.101%))
  Logic Levels:           1  (FDRE=1)

    Location             Delay type                Incr(ns)  Path(ns)    Netlist Resource(s)
  -------------------------------------------------------------------    -------------------
    SLICE_X6Y58          FDRE                         0.000     0.000 r  hundreds_reg[3]/C
    SLICE_X6Y58          FDRE (Prop_fdre_C_Q)         0.164     0.164 r  hundreds_reg[3]/Q
                         net (fo=1, routed)           0.158     0.322    digit_with_dp[4]
    SLICE_X3Y58          FDRE                                         r  change_digits_reg[5][4]/D
  -------------------------------------------------------------------    -------------------

Slack:                    inf
  Source:                 change_digits_reg[7][3]/C
                            (rising edge-triggered cell FDRE)
  Destination:            display_message_reg[7][3]/D
  Path Group:             (none)
  Path Type:              Min at Fast Process Corner
  Data Path Delay:        0.323ns  (logic 0.186ns (57.506%)  route 0.137ns (42.494%))
  Logic Levels:           2  (FDRE=1 LUT6=1)

    Location             Delay type                Incr(ns)  Path(ns)    Netlist Resource(s)
  -------------------------------------------------------------------    -------------------
    SLICE_X3Y57          FDRE                         0.000     0.000 r  change_digits_reg[7][3]/C
    SLICE_X3Y57          FDRE (Prop_fdre_C_Q)         0.141     0.141 r  change_digits_reg[7][3]/Q
                         net (fo=1, routed)           0.137     0.278    change_digits_reg[7][3]
    SLICE_X2Y57          LUT6 (Prop_lut6_I0_O)        0.045     0.323 r  display_message[7][3]_i_1/O
                         net (fo=1, routed)           0.000     0.323    display_message[7][3]_i_1_n_0
    SLICE_X2Y57          FDRE                                         r  display_message_reg[7][3]/D
  -------------------------------------------------------------------    -------------------

Slack:                    inf
  Source:                 change_digits_reg[5][2]/C
                            (rising edge-triggered cell FDRE)
  Destination:            display_message_reg[5][2]/D
  Path Group:             (none)
  Path Type:              Min at Fast Process Corner
  Data Path Delay:        0.327ns  (logic 0.186ns (56.904%)  route 0.141ns (43.096%))
  Logic Levels:           2  (FDRE=1 LUT6=1)

    Location             Delay type                Incr(ns)  Path(ns)    Netlist Resource(s)
  -------------------------------------------------------------------    -------------------
    SLICE_X5Y57          FDRE                         0.000     0.000 r  change_digits_reg[5][2]/C
    SLICE_X5Y57          FDRE (Prop_fdre_C_Q)         0.141     0.141 r  change_digits_reg[5][2]/Q
                         net (fo=1, routed)           0.141     0.282    change_digits_reg[5][2]
    SLICE_X5Y59          LUT6 (Prop_lut6_I4_O)        0.045     0.327 r  display_message[5][2]_i_1/O
                         net (fo=1, routed)           0.000     0.327    display_message[5][2]
    SLICE_X5Y59          FDSE                                         r  display_message_reg[5][2]/D
  -------------------------------------------------------------------    -------------------

Slack:                    inf
  Source:                 hundreds_reg[0]/C
                            (rising edge-triggered cell FDRE)
  Destination:            change_digits_reg[5][1]/D
  Path Group:             (none)
  Path Type:              Min at Fast Process Corner
  Data Path Delay:        0.331ns  (logic 0.164ns (49.533%)  route 0.167ns (50.467%))
  Logic Levels:           1  (FDRE=1)

    Location             Delay type                Incr(ns)  Path(ns)    Netlist Resource(s)
  -------------------------------------------------------------------    -------------------
    SLICE_X6Y58          FDRE                         0.000     0.000 r  hundreds_reg[0]/C
    SLICE_X6Y58          FDRE (Prop_fdre_C_Q)         0.164     0.164 r  hundreds_reg[0]/Q
                         net (fo=1, routed)           0.167     0.331    digit_with_dp[1]
    SLICE_X6Y59          FDRE                                         r  change_digits_reg[5][1]/D
  -------------------------------------------------------------------    -------------------

Slack:                    inf
  Source:                 hundreds_reg[1]/C
                            (rising edge-triggered cell FDRE)
  Destination:            change_digits_reg[5][2]/D
  Path Group:             (none)
  Path Type:              Min at Fast Process Corner
  Data Path Delay:        0.343ns  (logic 0.164ns (47.874%)  route 0.179ns (52.126%))
  Logic Levels:           1  (FDRE=1)

    Location             Delay type                Incr(ns)  Path(ns)    Netlist Resource(s)
  -------------------------------------------------------------------    -------------------
    SLICE_X6Y57          FDRE                         0.000     0.000 r  hundreds_reg[1]/C
    SLICE_X6Y57          FDRE (Prop_fdre_C_Q)         0.164     0.164 r  hundreds_reg[1]/Q
                         net (fo=1, routed)           0.179     0.343    digit_with_dp[2]
    SLICE_X5Y57          FDRE                                         r  change_digits_reg[5][2]/D
  -------------------------------------------------------------------    -------------------

Slack:                    inf
  Source:                 display_message_reg[5][2]/C
                            (rising edge-triggered cell FDSE)
  Destination:            cs_nibble_reg[1]/D
  Path Group:             (none)
  Path Type:              Min at Fast Process Corner
  Data Path Delay:        0.343ns  (logic 0.251ns (73.083%)  route 0.092ns (26.917%))
  Logic Levels:           3  (FDSE=1 LUT6=1 MUXF7=1)

    Location             Delay type                Incr(ns)  Path(ns)    Netlist Resource(s)
  -------------------------------------------------------------------    -------------------
    SLICE_X5Y59          FDSE                         0.000     0.000 r  display_message_reg[5][2]/C
    SLICE_X5Y59          FDSE (Prop_fdse_C_Q)         0.141     0.141 r  display_message_reg[5][2]/Q
                         net (fo=1, routed)           0.092     0.233    display_message_reg[5][2]
    SLICE_X4Y59          LUT6 (Prop_lut6_I3_O)        0.045     0.278 r  cs_nibble[1]_i_3/O
                         net (fo=1, routed)           0.000     0.278    cs_nibble[1]_i_3_n_0
    SLICE_X4Y59          MUXF7 (Prop_muxf7_I1_O)      0.065     0.343 r  cs_nibble_reg[1]_i_1/O
                         net (fo=1, routed)           0.000     0.343    p_0_in[1]
    SLICE_X4Y59          FDRE                                         r  cs_nibble_reg[1]/D
  -------------------------------------------------------------------    -------------------

Slack:                    inf
  Source:                 scan_idx_reg[1]/C
                            (rising edge-triggered cell FDRE)
  Destination:            scan_idx_reg[1]/D
  Path Group:             (none)
  Path Type:              Min at Fast Process Corner
  Data Path Delay:        0.348ns  (logic 0.186ns (53.513%)  route 0.162ns (46.487%))
  Logic Levels:           2  (FDRE=1 LUT3=1)

    Location             Delay type                Incr(ns)  Path(ns)    Netlist Resource(s)
  -------------------------------------------------------------------    -------------------
    SLICE_X1Y58          FDRE                         0.000     0.000 r  scan_idx_reg[1]/C
    SLICE_X1Y58          FDRE (Prop_fdre_C_Q)         0.141     0.141 r  scan_idx_reg[1]/Q
                         net (fo=19, routed)          0.162     0.303    scan_idx_reg_n_0_[1]
    SLICE_X1Y58          LUT3 (Prop_lut3_I2_O)        0.045     0.348 r  scan_idx[1]_i_1/O
                         net (fo=1, routed)           0.000     0.348    scan_idx[1]_i_1_n_0
    SLICE_X1Y58          FDRE                                         r  scan_idx_reg[1]/D
  -------------------------------------------------------------------    -------------------

Slack:                    inf
  Source:                 hundreds_reg[2]/C
                            (rising edge-triggered cell FDRE)
  Destination:            change_digits_reg[5][3]/D
  Path Group:             (none)
  Path Type:              Min at Fast Process Corner
  Data Path Delay:        0.352ns  (logic 0.164ns (46.631%)  route 0.188ns (53.369%))
  Logic Levels:           1  (FDRE=1)

    Location             Delay type                Incr(ns)  Path(ns)    Netlist Resource(s)
  -------------------------------------------------------------------    -------------------
    SLICE_X6Y58          FDRE                         0.000     0.000 r  hundreds_reg[2]/C
    SLICE_X6Y58          FDRE (Prop_fdre_C_Q)         0.164     0.164 r  hundreds_reg[2]/Q
                         net (fo=1, routed)           0.188     0.352    digit_with_dp[3]
    SLICE_X4Y57          FDRE                                         r  change_digits_reg[5][3]/D
  -------------------------------------------------------------------    -------------------





