
*** Running vivado
    with args -log VendingMachineFSM.vds -m64 -product Vivado -mode batch -messageDb vivado.pb -notrace -source VendingMachineFSM.tcl


INFO: [Common 17-3922] A valid Vivado Design Suite BASIC license has been detected. Your current license is active and will expire on 14-jul-2027.
#-----------------------------------------------------------
# Vivado v2026.1 (64-bit)
# SW Build 6511674 on Tue Jun 16 11:02:23 MDT 2026
# IP Build 6504888 on Tue Jun 09 09:05:25 MDT 2026
# SharedData Build 6501428 on Mon Jun 08 17:34:18 MDT 2026
# Start of session at: Tue Jul 14 16:00:10 2026
# Process ID         : 42576
# Current directory  : C:/Users/dillo/Desktop/Vending Machine Simulator/project_1/project_1.runs/synth_1
# Command line       : vivado.exe -log VendingMachineFSM.vds -product Vivado -mode batch -messageDb vivado.pb -notrace -source VendingMachineFSM.tcl
# Log file           : C:/Users/dillo/Desktop/Vending Machine Simulator/project_1/project_1.runs/synth_1/VendingMachineFSM.vds
# Journal file       : C:/Users/dillo/Desktop/Vending Machine Simulator/project_1/project_1.runs/synth_1\vivado.jou
# Running On         : DESKTOP-AMAVPJQ
# Platform           : Windows 11
# Operating System   : 26200
# Processor Detail   : AMD Ryzen 7 5800X 8-Core Processor             
# CPU Frequency      : 3793 MHz
# CPU Physical cores : 8
# CPU Logical cores  : 16
# Host memory        : 34269 MB
# Swap memory        : 2147 MB
# Total Virtual      : 36416 MB
# Available Virtual  : 7700 MB
#-----------------------------------------------------------

****** Vivado v2026.1 (64-bit)
  **** SW Build 6511674 on Tue Jun 16 11:02:23 MDT 2026
  **** IP Build 6504888 on Tue Jun 09 09:05:25 MDT 2026
  **** SharedData Build 6501428 on Mon Jun 08 17:34:18 MDT 2026
  **** Start of session at: Tue Jul 14 16:00:10 2026
    ** Copyright 1986-2022 Xilinx, Inc. All Rights Reserved.
    ** Copyright 2022-2026 Advanced Micro Devices, Inc. All Rights Reserved.

source VendingMachineFSM.tcl -notrace
create_project: Time (s): cpu = 00:00:08 ; elapsed = 00:00:06 . Memory (MB): peak = 592.668 ; gain = 268.578
Command: synth_design -top VendingMachineFSM -part xc7a100tcsg324-2L
Starting synth_design
Attempting to get a license for feature 'Vivado_Synthesis' and/or device 'xc7a100t'
INFO: [Common 17-349] Got license for feature 'Vivado_Synthesis' and/or device 'xc7a100t'
INFO: [Device 21-403] Loading part xc7a100tcsg324-2L
INFO: [Designutils 20-5008] Incremental synthesis strategy default
INFO: [Synth 8-7079] Multithreading enabled for synth_design using a maximum of 2 processes.
INFO: [Synth 8-7078] Launching helper process for spawning children vivado processes
INFO: [Synth 8-7075] Helper process launched with PID 54412
---------------------------------------------------------------------------------
Starting RTL Elaboration : Time (s): cpu = 00:00:05 ; elapsed = 00:00:05 . Memory (MB): peak = 1367.125 ; gain = 577.012
---------------------------------------------------------------------------------
INFO: [Synth 8-638] synthesizing module 'VendingMachineFSM' [C:/Users/dillo/Desktop/Vending Machine Simulator/project_1/project_1.srcs/sources_1/new/VendingMachine2.vhd:20]
INFO: [Synth 8-638] synthesizing module 'GenClock' [C:/Users/dillo/Desktop/Vending Machine Simulator/project_1/project_1.srcs/sources_1/new/GenClock.vhd:11]
	Parameter time_period bound to: 2 - type: integer 
INFO: [Synth 8-256] done synthesizing module 'GenClock' (0#1) [C:/Users/dillo/Desktop/Vending Machine Simulator/project_1/project_1.srcs/sources_1/new/GenClock.vhd:11]
INFO: [Synth 8-638] synthesizing module 'dec_7seg' [C:/Users/dillo/Desktop/Vending Machine Simulator/project_1/project_1.srcs/sources_1/new/dec_7seg.vhd:13]
INFO: [Synth 8-226] default block is never used [C:/Users/dillo/Desktop/Vending Machine Simulator/project_1/project_1.srcs/sources_1/new/dec_7seg.vhd:18]
INFO: [Synth 8-256] done synthesizing module 'dec_7seg' (0#1) [C:/Users/dillo/Desktop/Vending Machine Simulator/project_1/project_1.srcs/sources_1/new/dec_7seg.vhd:13]
INFO: [Synth 8-256] done synthesizing module 'VendingMachineFSM' (0#1) [C:/Users/dillo/Desktop/Vending Machine Simulator/project_1/project_1.srcs/sources_1/new/VendingMachine2.vhd:20]
WARNING: [Synth 8-6014] Unused sequential element change_val_reg was removed.  [C:/Users/dillo/Desktop/Vending Machine Simulator/project_1/project_1.srcs/sources_1/new/VendingMachine2.vhd:203]
---------------------------------------------------------------------------------
Finished RTL Elaboration : Time (s): cpu = 00:00:06 ; elapsed = 00:00:07 . Memory (MB): peak = 1495.422 ; gain = 705.309
---------------------------------------------------------------------------------
---------------------------------------------------------------------------------
Start Handling Custom Attributes
---------------------------------------------------------------------------------
---------------------------------------------------------------------------------
Finished Handling Custom Attributes : Time (s): cpu = 00:00:06 ; elapsed = 00:00:07 . Memory (MB): peak = 1495.422 ; gain = 705.309
---------------------------------------------------------------------------------
---------------------------------------------------------------------------------
Finished RTL Optimization Phase 1 : Time (s): cpu = 00:00:06 ; elapsed = 00:00:07 . Memory (MB): peak = 1495.422 ; gain = 705.309
---------------------------------------------------------------------------------
Netlist sorting complete. Time (s): cpu = 00:00:00 ; elapsed = 00:00:00.004 . Memory (MB): peak = 1495.422 ; gain = 0.000
INFO: [Project 1-570] Preparing netlist for logic optimization

Processing XDC Constraints
Initializing timing engine
Parsing XDC File [C:/Users/dillo/Desktop/Vending Machine Simulator/project_1/contraints.xdc]
WARNING: [Vivado 12-584] No ports matched 'BTNC'. [C:/Users/dillo/Desktop/Vending Machine Simulator/project_1/contraints.xdc:9]
CRITICAL WARNING: [Common 17-55] 'set_property' expects at least one object. [C:/Users/dillo/Desktop/Vending Machine Simulator/project_1/contraints.xdc:9]
Resolution: If [get_<value>] was used to populate the object, check to make sure this command returns at least one valid object.
WARNING: [Vivado 12-584] No ports matched 'BTNU'. [C:/Users/dillo/Desktop/Vending Machine Simulator/project_1/contraints.xdc:10]
CRITICAL WARNING: [Common 17-55] 'set_property' expects at least one object. [C:/Users/dillo/Desktop/Vending Machine Simulator/project_1/contraints.xdc:10]
Resolution: If [get_<value>] was used to populate the object, check to make sure this command returns at least one valid object.
WARNING: [Vivado 12-584] No ports matched 'BTNL'. [C:/Users/dillo/Desktop/Vending Machine Simulator/project_1/contraints.xdc:11]
CRITICAL WARNING: [Common 17-55] 'set_property' expects at least one object. [C:/Users/dillo/Desktop/Vending Machine Simulator/project_1/contraints.xdc:11]
Resolution: If [get_<value>] was used to populate the object, check to make sure this command returns at least one valid object.
WARNING: [Vivado 12-584] No ports matched 'BTNR'. [C:/Users/dillo/Desktop/Vending Machine Simulator/project_1/contraints.xdc:12]
CRITICAL WARNING: [Common 17-55] 'set_property' expects at least one object. [C:/Users/dillo/Desktop/Vending Machine Simulator/project_1/contraints.xdc:12]
Resolution: If [get_<value>] was used to populate the object, check to make sure this command returns at least one valid object.
WARNING: [Vivado 12-584] No ports matched 'BTND'. [C:/Users/dillo/Desktop/Vending Machine Simulator/project_1/contraints.xdc:13]
CRITICAL WARNING: [Common 17-55] 'set_property' expects at least one object. [C:/Users/dillo/Desktop/Vending Machine Simulator/project_1/contraints.xdc:13]
Resolution: If [get_<value>] was used to populate the object, check to make sure this command returns at least one valid object.
CRITICAL WARNING: [Designutils 20-1307] Command 'IO_L24N_T3_A00_D16_14' is not supported in the xdc constraint file. [C:/Users/dillo/Desktop/Vending Machine Simulator/project_1/contraints.xdc:19]
CRITICAL WARNING: [Designutils 20-1307] Command 'IO_25_14' is not supported in the xdc constraint file. [C:/Users/dillo/Desktop/Vending Machine Simulator/project_1/contraints.xdc:21]
CRITICAL WARNING: [Designutils 20-1307] Command 'IO_25_15' is not supported in the xdc constraint file. [C:/Users/dillo/Desktop/Vending Machine Simulator/project_1/contraints.xdc:23]
CRITICAL WARNING: [Designutils 20-1307] Command 'IO_L17P_T2_A26_15' is not supported in the xdc constraint file. [C:/Users/dillo/Desktop/Vending Machine Simulator/project_1/contraints.xdc:25]
CRITICAL WARNING: [Designutils 20-1307] Command 'IO_L13P_T2_MRCC_14' is not supported in the xdc constraint file. [C:/Users/dillo/Desktop/Vending Machine Simulator/project_1/contraints.xdc:27]
CRITICAL WARNING: [Designutils 20-1307] Command 'IO_L19P_T3_A10_D26_14' is not supported in the xdc constraint file. [C:/Users/dillo/Desktop/Vending Machine Simulator/project_1/contraints.xdc:29]
CRITICAL WARNING: [Designutils 20-1307] Command 'IO_L4P_T0_D04_14' is not supported in the xdc constraint file. [C:/Users/dillo/Desktop/Vending Machine Simulator/project_1/contraints.xdc:31]
CRITICAL WARNING: [Designutils 20-1307] Command 'IO_L19N_T3_A21_VREF_15' is not supported in the xdc constraint file. [C:/Users/dillo/Desktop/Vending Machine Simulator/project_1/contraints.xdc:34]
CRITICAL WARNING: [Designutils 20-1307] Command 'IO_L23P_T3_FOE_B_15' is not supported in the xdc constraint file. [C:/Users/dillo/Desktop/Vending Machine Simulator/project_1/contraints.xdc:37]
CRITICAL WARNING: [Designutils 20-1307] Command 'IO_L23N_T3_FWE_B_15' is not supported in the xdc constraint file. [C:/Users/dillo/Desktop/Vending Machine Simulator/project_1/contraints.xdc:39]
CRITICAL WARNING: [Designutils 20-1307] Command 'IO_L24P_T3_A01_D17_14' is not supported in the xdc constraint file. [C:/Users/dillo/Desktop/Vending Machine Simulator/project_1/contraints.xdc:41]
CRITICAL WARNING: [Designutils 20-1307] Command 'IO_L19P_T3_A22_15' is not supported in the xdc constraint file. [C:/Users/dillo/Desktop/Vending Machine Simulator/project_1/contraints.xdc:43]
CRITICAL WARNING: [Designutils 20-1307] Command 'IO_L8N_T1_D12_14' is not supported in the xdc constraint file. [C:/Users/dillo/Desktop/Vending Machine Simulator/project_1/contraints.xdc:45]
CRITICAL WARNING: [Designutils 20-1307] Command 'IO_L14P_T2_SRCC_14' is not supported in the xdc constraint file. [C:/Users/dillo/Desktop/Vending Machine Simulator/project_1/contraints.xdc:47]
CRITICAL WARNING: [Designutils 20-1307] Command 'IO_L23P_T3_35' is not supported in the xdc constraint file. [C:/Users/dillo/Desktop/Vending Machine Simulator/project_1/contraints.xdc:49]
CRITICAL WARNING: [Designutils 20-1307] Command 'IO_L23N_T3_A02_D18_14' is not supported in the xdc constraint file. [C:/Users/dillo/Desktop/Vending Machine Simulator/project_1/contraints.xdc:51]
WARNING: [Vivado 12-584] No ports matched 'LED0'. [C:/Users/dillo/Desktop/Vending Machine Simulator/project_1/contraints.xdc:55]
CRITICAL WARNING: [Common 17-55] 'set_property' expects at least one object. [C:/Users/dillo/Desktop/Vending Machine Simulator/project_1/contraints.xdc:55]
Resolution: If [get_<value>] was used to populate the object, check to make sure this command returns at least one valid object.
WARNING: [Vivado 12-584] No ports matched 'LED1'. [C:/Users/dillo/Desktop/Vending Machine Simulator/project_1/contraints.xdc:56]
CRITICAL WARNING: [Common 17-55] 'set_property' expects at least one object. [C:/Users/dillo/Desktop/Vending Machine Simulator/project_1/contraints.xdc:56]
Resolution: If [get_<value>] was used to populate the object, check to make sure this command returns at least one valid object.
WARNING: [Vivado 12-584] No ports matched 'LED2'. [C:/Users/dillo/Desktop/Vending Machine Simulator/project_1/contraints.xdc:57]
CRITICAL WARNING: [Common 17-55] 'set_property' expects at least one object. [C:/Users/dillo/Desktop/Vending Machine Simulator/project_1/contraints.xdc:57]
Resolution: If [get_<value>] was used to populate the object, check to make sure this command returns at least one valid object.
WARNING: [Vivado 12-584] No ports matched 'LED3'. [C:/Users/dillo/Desktop/Vending Machine Simulator/project_1/contraints.xdc:58]
CRITICAL WARNING: [Common 17-55] 'set_property' expects at least one object. [C:/Users/dillo/Desktop/Vending Machine Simulator/project_1/contraints.xdc:58]
Resolution: If [get_<value>] was used to populate the object, check to make sure this command returns at least one valid object.
WARNING: [Vivado 12-584] No ports matched 'LED4'. [C:/Users/dillo/Desktop/Vending Machine Simulator/project_1/contraints.xdc:59]
CRITICAL WARNING: [Common 17-55] 'set_property' expects at least one object. [C:/Users/dillo/Desktop/Vending Machine Simulator/project_1/contraints.xdc:59]
Resolution: If [get_<value>] was used to populate the object, check to make sure this command returns at least one valid object.
WARNING: [Vivado 12-584] No ports matched 'LED5'. [C:/Users/dillo/Desktop/Vending Machine Simulator/project_1/contraints.xdc:60]
CRITICAL WARNING: [Common 17-55] 'set_property' expects at least one object. [C:/Users/dillo/Desktop/Vending Machine Simulator/project_1/contraints.xdc:60]
Resolution: If [get_<value>] was used to populate the object, check to make sure this command returns at least one valid object.
WARNING: [Vivado 12-584] No ports matched 'LED6'. [C:/Users/dillo/Desktop/Vending Machine Simulator/project_1/contraints.xdc:61]
CRITICAL WARNING: [Common 17-55] 'set_property' expects at least one object. [C:/Users/dillo/Desktop/Vending Machine Simulator/project_1/contraints.xdc:61]
Resolution: If [get_<value>] was used to populate the object, check to make sure this command returns at least one valid object.
WARNING: [Vivado 12-584] No ports matched 'LED7'. [C:/Users/dillo/Desktop/Vending Machine Simulator/project_1/contraints.xdc:62]
CRITICAL WARNING: [Common 17-55] 'set_property' expects at least one object. [C:/Users/dillo/Desktop/Vending Machine Simulator/project_1/contraints.xdc:62]
Resolution: If [get_<value>] was used to populate the object, check to make sure this command returns at least one valid object.
WARNING: [Vivado 12-584] No ports matched 'LED8'. [C:/Users/dillo/Desktop/Vending Machine Simulator/project_1/contraints.xdc:63]
CRITICAL WARNING: [Common 17-55] 'set_property' expects at least one object. [C:/Users/dillo/Desktop/Vending Machine Simulator/project_1/contraints.xdc:63]
Resolution: If [get_<value>] was used to populate the object, check to make sure this command returns at least one valid object.
WARNING: [Vivado 12-584] No ports matched 'LED9'. [C:/Users/dillo/Desktop/Vending Machine Simulator/project_1/contraints.xdc:64]
CRITICAL WARNING: [Common 17-55] 'set_property' expects at least one object. [C:/Users/dillo/Desktop/Vending Machine Simulator/project_1/contraints.xdc:64]
Resolution: If [get_<value>] was used to populate the object, check to make sure this command returns at least one valid object.
WARNING: [Vivado 12-584] No ports matched 'LED10'. [C:/Users/dillo/Desktop/Vending Machine Simulator/project_1/contraints.xdc:65]
CRITICAL WARNING: [Common 17-55] 'set_property' expects at least one object. [C:/Users/dillo/Desktop/Vending Machine Simulator/project_1/contraints.xdc:65]
Resolution: If [get_<value>] was used to populate the object, check to make sure this command returns at least one valid object.
WARNING: [Vivado 12-584] No ports matched 'LED11'. [C:/Users/dillo/Desktop/Vending Machine Simulator/project_1/contraints.xdc:66]
CRITICAL WARNING: [Common 17-55] 'set_property' expects at least one object. [C:/Users/dillo/Desktop/Vending Machine Simulator/project_1/contraints.xdc:66]
Resolution: If [get_<value>] was used to populate the object, check to make sure this command returns at least one valid object.
WARNING: [Vivado 12-584] No ports matched 'LED12'. [C:/Users/dillo/Desktop/Vending Machine Simulator/project_1/contraints.xdc:67]
CRITICAL WARNING: [Common 17-55] 'set_property' expects at least one object. [C:/Users/dillo/Desktop/Vending Machine Simulator/project_1/contraints.xdc:67]
Resolution: If [get_<value>] was used to populate the object, check to make sure this command returns at least one valid object.
WARNING: [Vivado 12-584] No ports matched 'LED13'. [C:/Users/dillo/Desktop/Vending Machine Simulator/project_1/contraints.xdc:68]
CRITICAL WARNING: [Common 17-55] 'set_property' expects at least one object. [C:/Users/dillo/Desktop/Vending Machine Simulator/project_1/contraints.xdc:68]
Resolution: If [get_<value>] was used to populate the object, check to make sure this command returns at least one valid object.
WARNING: [Vivado 12-584] No ports matched 'LED14'. [C:/Users/dillo/Desktop/Vending Machine Simulator/project_1/contraints.xdc:69]
CRITICAL WARNING: [Common 17-55] 'set_property' expects at least one object. [C:/Users/dillo/Desktop/Vending Machine Simulator/project_1/contraints.xdc:69]
Resolution: If [get_<value>] was used to populate the object, check to make sure this command returns at least one valid object.
WARNING: [Vivado 12-584] No ports matched 'LED15'. [C:/Users/dillo/Desktop/Vending Machine Simulator/project_1/contraints.xdc:70]
CRITICAL WARNING: [Common 17-55] 'set_property' expects at least one object. [C:/Users/dillo/Desktop/Vending Machine Simulator/project_1/contraints.xdc:70]
Resolution: If [get_<value>] was used to populate the object, check to make sure this command returns at least one valid object.
Finished Parsing XDC File [C:/Users/dillo/Desktop/Vending Machine Simulator/project_1/contraints.xdc]
INFO: [Project 1-236] Implementation specific constraints were found while reading constraint file [C:/Users/dillo/Desktop/Vending Machine Simulator/project_1/contraints.xdc]. These constraints will be ignored for synthesis but will be used in implementation. Impacted constraints are listed in the file [.Xil/VendingMachineFSM_propImpl.xdc].
Resolution: To avoid this warning, move constraints listed in [.Xil/VendingMachineFSM_propImpl.xdc] to another XDC file and exclude this new file from synthesis with the used_in_synthesis property (File Properties dialog in GUI) and re-run elaboration/synthesis.
Completed Processing XDC Constraints

Netlist sorting complete. Time (s): cpu = 00:00:00 ; elapsed = 00:00:00 . Memory (MB): peak = 1562.645 ; gain = 0.000
INFO: [Project 1-111] Unisim Transformation Summary:
No Unisim elements were transformed.

Constraint Validation Runtime : Time (s): cpu = 00:00:00 ; elapsed = 00:00:00.006 . Memory (MB): peak = 1563.547 ; gain = 0.000
---------------------------------------------------------------------------------
Finished Constraint Validation : Time (s): cpu = 00:00:14 ; elapsed = 00:00:14 . Memory (MB): peak = 1563.547 ; gain = 773.434
---------------------------------------------------------------------------------
---------------------------------------------------------------------------------
Start Loading Part and Timing Information
---------------------------------------------------------------------------------
Loading part: xc7a100tcsg324-2L
---------------------------------------------------------------------------------
Finished Loading Part and Timing Information : Time (s): cpu = 00:00:14 ; elapsed = 00:00:14 . Memory (MB): peak = 1563.547 ; gain = 773.434
---------------------------------------------------------------------------------
---------------------------------------------------------------------------------
Start Applying 'set_property' XDC Constraints
---------------------------------------------------------------------------------
---------------------------------------------------------------------------------
Finished applying 'set_property' XDC Constraints : Time (s): cpu = 00:00:14 ; elapsed = 00:00:14 . Memory (MB): peak = 1563.547 ; gain = 773.434
---------------------------------------------------------------------------------
---------------------------------------------------------------------------------
Finished RTL Optimization Phase 2 : Time (s): cpu = 00:00:14 ; elapsed = 00:00:15 . Memory (MB): peak = 1563.547 ; gain = 773.434
---------------------------------------------------------------------------------
---------------------------------------------------------------------------------
Start RTL Component Statistics 
---------------------------------------------------------------------------------
Detailed RTL Component Info : 
+---Adders : 
	   2 Input   26 Bit       Adders := 1     
	   2 Input   12 Bit       Adders := 1     
	   3 Input   10 Bit       Adders := 1     
	   2 Input    9 Bit       Adders := 3     
	   2 Input    8 Bit       Adders := 1     
	   2 Input    5 Bit       Adders := 2     
	   2 Input    4 Bit       Adders := 2     
	   2 Input    3 Bit       Adders := 1     
+---Registers : 
	               26 Bit    Registers := 1     
	               12 Bit    Registers := 1     
	                9 Bit    Registers := 2     
	                5 Bit    Registers := 16    
	                4 Bit    Registers := 4     
	                3 Bit    Registers := 1     
	                1 Bit    Registers := 2     
+---Muxes : 
	   2 Input    9 Bit        Muxes := 8     
	   2 Input    8 Bit        Muxes := 3     
	   2 Input    5 Bit        Muxes := 36    
	   4 Input    5 Bit        Muxes := 1     
	  18 Input    5 Bit        Muxes := 4     
	   2 Input    4 Bit        Muxes := 4     
	   2 Input    3 Bit        Muxes := 1     
	   2 Input    2 Bit        Muxes := 7     
	   4 Input    2 Bit        Muxes := 1     
	   2 Input    1 Bit        Muxes := 48    
	   4 Input    1 Bit        Muxes := 4     
	  19 Input    1 Bit        Muxes := 1     
---------------------------------------------------------------------------------
Finished RTL Component Statistics 
---------------------------------------------------------------------------------
---------------------------------------------------------------------------------
Start Part Resource Summary
---------------------------------------------------------------------------------
Part Resources:
DSPs: 240 (col length:80)
BRAMs: 270 (col length: RAMB18 80 RAMB36 40)
---------------------------------------------------------------------------------
Finished Part Resource Summary
---------------------------------------------------------------------------------
---------------------------------------------------------------------------------
Start Cross Boundary and Area Optimization
---------------------------------------------------------------------------------
---------------------------------------------------------------------------------
Finished Cross Boundary and Area Optimization : Time (s): cpu = 00:00:20 ; elapsed = 00:00:21 . Memory (MB): peak = 1655.473 ; gain = 865.359
---------------------------------------------------------------------------------
---------------------------------------------------------------------------------
Start Applying XDC Timing Constraints
---------------------------------------------------------------------------------
---------------------------------------------------------------------------------
Finished Applying XDC Timing Constraints : Time (s): cpu = 00:00:24 ; elapsed = 00:00:25 . Memory (MB): peak = 1718.523 ; gain = 928.410
---------------------------------------------------------------------------------
---------------------------------------------------------------------------------
Start Timing Optimization
---------------------------------------------------------------------------------
---------------------------------------------------------------------------------
Finished Timing Optimization : Time (s): cpu = 00:00:24 ; elapsed = 00:00:25 . Memory (MB): peak = 1719.121 ; gain = 929.008
---------------------------------------------------------------------------------
---------------------------------------------------------------------------------
Start Technology Mapping
---------------------------------------------------------------------------------
---------------------------------------------------------------------------------
Finished Technology Mapping : Time (s): cpu = 00:00:24 ; elapsed = 00:00:26 . Memory (MB): peak = 1750.254 ; gain = 960.141
---------------------------------------------------------------------------------
---------------------------------------------------------------------------------
Start IO Insertion
---------------------------------------------------------------------------------
---------------------------------------------------------------------------------
Start Flattening Before IO Insertion
---------------------------------------------------------------------------------
---------------------------------------------------------------------------------
Finished Flattening Before IO Insertion
---------------------------------------------------------------------------------
---------------------------------------------------------------------------------
Start Final Netlist Cleanup
---------------------------------------------------------------------------------
---------------------------------------------------------------------------------
Finished Final Netlist Cleanup
---------------------------------------------------------------------------------
---------------------------------------------------------------------------------
Finished IO Insertion : Time (s): cpu = 00:00:29 ; elapsed = 00:00:30 . Memory (MB): peak = 2003.020 ; gain = 1212.906
---------------------------------------------------------------------------------
---------------------------------------------------------------------------------
Start Renaming Generated Instances
---------------------------------------------------------------------------------
---------------------------------------------------------------------------------
Finished Renaming Generated Instances : Time (s): cpu = 00:00:29 ; elapsed = 00:00:30 . Memory (MB): peak = 2003.020 ; gain = 1212.906
---------------------------------------------------------------------------------
---------------------------------------------------------------------------------
Start Rebuilding User Hierarchy
---------------------------------------------------------------------------------
---------------------------------------------------------------------------------
Finished Rebuilding User Hierarchy : Time (s): cpu = 00:00:29 ; elapsed = 00:00:30 . Memory (MB): peak = 2003.020 ; gain = 1212.906
---------------------------------------------------------------------------------
---------------------------------------------------------------------------------
Start Renaming Generated Ports
---------------------------------------------------------------------------------
---------------------------------------------------------------------------------
Finished Renaming Generated Ports : Time (s): cpu = 00:00:29 ; elapsed = 00:00:30 . Memory (MB): peak = 2003.020 ; gain = 1212.906
---------------------------------------------------------------------------------
---------------------------------------------------------------------------------
Start Handling Custom Attributes
---------------------------------------------------------------------------------
---------------------------------------------------------------------------------
Finished Handling Custom Attributes : Time (s): cpu = 00:00:29 ; elapsed = 00:00:30 . Memory (MB): peak = 2003.020 ; gain = 1212.906
---------------------------------------------------------------------------------
---------------------------------------------------------------------------------
Start Renaming Generated Nets
---------------------------------------------------------------------------------
---------------------------------------------------------------------------------
Finished Renaming Generated Nets : Time (s): cpu = 00:00:29 ; elapsed = 00:00:30 . Memory (MB): peak = 2003.020 ; gain = 1212.906
---------------------------------------------------------------------------------
---------------------------------------------------------------------------------
Start Writing Synthesis Report
---------------------------------------------------------------------------------

Report BlackBoxes: 
+-+--------------+----------+
| |BlackBox name |Instances |
+-+--------------+----------+
+-+--------------+----------+

Report Cell Usage: 
+------+-------+------+
|      |Cell   |Count |
+------+-------+------+
|1     |BUFG   |     1|
|2     |CARRY4 |    65|
|3     |LUT1   |    10|
|4     |LUT2   |   131|
|5     |LUT3   |    45|
|6     |LUT4   |    60|
|7     |LUT5   |    55|
|8     |LUT6   |   135|
|9     |MUXF7  |     4|
|10    |FDRE   |   251|
|11    |FDSE   |     8|
|12    |IBUF   |     6|
|13    |OBUF   |    16|
+------+-------+------+
---------------------------------------------------------------------------------
Finished Writing Synthesis Report : Time (s): cpu = 00:00:29 ; elapsed = 00:00:30 . Memory (MB): peak = 2003.020 ; gain = 1212.906
---------------------------------------------------------------------------------
Synthesis finished with 0 errors, 0 critical warnings and 0 warnings.
Synthesis Optimization Runtime : Time (s): cpu = 00:00:21 ; elapsed = 00:00:29 . Memory (MB): peak = 2003.020 ; gain = 1144.781
Synthesis Optimization Complete : Time (s): cpu = 00:00:29 ; elapsed = 00:00:31 . Memory (MB): peak = 2003.020 ; gain = 1212.906
INFO: [Project 1-571] Translating synthesized netlist
Netlist sorting complete. Time (s): cpu = 00:00:00 ; elapsed = 00:00:00.003 . Memory (MB): peak = 2012.254 ; gain = 0.000
INFO: [Netlist 29-17] Analyzing 69 Unisim elements for replacement
INFO: [Netlist 29-28] Unisim Transformation completed in 0 CPU seconds
INFO: [Project 1-570] Preparing netlist for logic optimization
INFO: [Opt 31-138] Pushed 0 inverter(s) to 0 load pin(s).
Netlist sorting complete. Time (s): cpu = 00:00:00 ; elapsed = 00:00:00 . Memory (MB): peak = 2015.902 ; gain = 0.000
INFO: [Project 1-111] Unisim Transformation Summary:
No Unisim elements were transformed.

Synth Design complete | Checksum: ca06c799
INFO: [Common 17-83] Releasing license: Vivado_Synthesis
23 Infos, 22 Warnings, 37 Critical Warnings and 0 Errors encountered.
synth_design completed successfully
synth_design: Time (s): cpu = 00:00:34 ; elapsed = 00:00:36 . Memory (MB): peak = 2015.902 ; gain = 1423.234
INFO: [runtcl-6] Synthesis results are not added to the cache due to CRITICAL_WARNING
Write ShapeDB Complete: Time (s): cpu = 00:00:00 ; elapsed = 00:00:00.003 . Memory (MB): peak = 2015.902 ; gain = 0.000
INFO: [Common 17-1381] The checkpoint 'C:/Users/dillo/Desktop/Vending Machine Simulator/project_1/project_1.runs/synth_1/VendingMachineFSM.dcp' has been generated.
INFO: [Vivado 12-24828] Executing command : report_utilization -file VendingMachineFSM_utilization_synth.rpt -pb VendingMachineFSM_utilization_synth.pb
INFO: [Common 17-206] Exiting Vivado at Tue Jul 14 16:00:56 2026...
